This is pdfTeX, Version 3.14159265-2.6-1.40.19 (MiKTeX 2.9.6630 64-bit) (preloaded format=pdflatex 2018.7.30)  31 JUL 2018 16:23
entering extended mode
**./UMB-elsarticle-template-harv.tex
(UMB-elsarticle-template-harv.tex
LaTeX2e <2017-04-15>
Babel <3.18> and hyphenation patterns for 75 language(s) loaded.
(elsarticle.cls
Document Class: elsarticle 2009/09/17, 1.20b: Elsevier Ltd
\@bls=\dimen102

("C:\Users\rickyhu.stu\AppData\Local\Programs\MiKTeX 2.9\tex\latex\base\article
.cls"
Document Class: article 2014/09/29 v1.4h Standard LaTeX document class

("C:\Users\rickyhu.stu\AppData\Local\Programs\MiKTeX 2.9\tex\latex\base\size10.
clo"
File: size10.clo 2014/09/29 v1.4h Standard LaTeX file (size option)
)
\c@part=\count79
\c@section=\count80
\c@subsection=\count81
\c@subsubsection=\count82
\c@paragraph=\count83
\c@subparagraph=\count84
\c@figure=\count85
\c@table=\count86
\abovecaptionskip=\skip41
\belowcaptionskip=\skip42
\bibindent=\dimen103
)
("C:\Users\rickyhu.stu\AppData\Local\Programs\MiKTeX 2.9\tex\latex\graphics\gra
phicx.sty"
Package: graphicx 2017/06/01 v1.1a Enhanced LaTeX Graphics (DPC,SPQR)

("C:\Users\rickyhu.stu\AppData\Local\Programs\MiKTeX 2.9\tex\latex\graphics\key
val.sty"
Package: keyval 2014/10/28 v1.15 key=value parser (DPC)
\KV@toks@=\toks14
)
("C:\Users\rickyhu.stu\AppData\Local\Programs\MiKTeX 2.9\tex\latex\graphics\gra
phics.sty"
Package: graphics 2017/06/25 v1.2c Standard LaTeX Graphics (DPC,SPQR)

("C:\Users\rickyhu.stu\AppData\Local\Programs\MiKTeX 2.9\tex\latex\graphics\tri
g.sty"
Package: trig 2016/01/03 v1.10 sin cos tan (DPC)
)
("C:\Users\rickyhu.stu\AppData\Local\Programs\MiKTeX 2.9\tex\latex\graphics-cfg
\graphics.cfg"
File: graphics.cfg 2016/06/04 v1.11 sample graphics configuration
)
Package graphics Info: Driver file: pdftex.def on input line 99.

("C:\Users\rickyhu.stu\AppData\Local\Programs\MiKTeX 2.9\tex\latex\graphics-def
\pdftex.def"
File: pdftex.def 2018/01/08 v1.0l Graphics/color driver for pdftex
))
\Gin@req@height=\dimen104
\Gin@req@width=\dimen105
)
("C:\Users\rickyhu.stu\AppData\Local\Programs\MiKTeX 2.9\tex\latex\psnfss\pifon
t.sty"
Package: pifont 2005/04/12 PSNFSS-v9.2a Pi font support (SPQR) 
LaTeX Font Info:    Try loading font information for U+pzd on input line 63.

("C:\Users\rickyhu.stu\AppData\Local\Programs\MiKTeX 2.9\tex\latex\psnfss\upzd.
fd"
File: upzd.fd 2001/06/04 font definitions for U/pzd.
)
LaTeX Font Info:    Try loading font information for U+psy on input line 64.

("C:\Users\rickyhu.stu\AppData\Local\Programs\MiKTeX 2.9\tex\latex\psnfss\upsy.
fd"
File: upsy.fd 2001/06/04 font definitions for U/psy.
))
\c@tnote=\count87
\c@fnote=\count88
\c@cnote=\count89
\c@ead=\count90
\c@author=\count91
\@eadauthor=\toks15
\c@affn=\count92
\absbox=\box26
\keybox=\box27
\Columnwidth=\dimen106
\space@left=\dimen107
\els@boxa=\box28
\els@boxb=\box29
\leftMargin=\dimen108
\@enLab=\toks16
\@sep=\skip43
\@@sep=\skip44
 (UMB-elsarticle-template-harv.spl)
("C:\Users\rickyhu.stu\AppData\Local\Programs\MiKTeX 2.9\tex\latex\natbib\natbi
b.sty"
Package: natbib 2010/09/13 8.31b (PWD, AO)
\bibhang=\skip45
\bibsep=\skip46
LaTeX Info: Redefining \cite on input line 694.
\c@NAT@ctr=\count93
)
\splwrite=\write3
\openout3 = `UMB-elsarticle-template-harv.spl'.


("C:\Users\rickyhu.stu\AppData\Local\Programs\MiKTeX 2.9\tex\latex\geometry\geo
metry.sty"
Package: geometry 2010/09/12 v5.6 Page Geometry

("C:\Users\rickyhu.stu\AppData\Local\Programs\MiKTeX 2.9\tex\generic\oberdiek\i
fpdf.sty"
Package: ifpdf 2017/03/15 v3.2 Provides the ifpdf switch
)
("C:\Users\rickyhu.stu\AppData\Local\Programs\MiKTeX 2.9\tex\generic\oberdiek\i
fvtex.sty"
Package: ifvtex 2016/05/16 v1.6 Detect VTeX and its facilities (HO)
Package ifvtex Info: VTeX not detected.
)
("C:\Users\rickyhu.stu\AppData\Local\Programs\MiKTeX 2.9\tex\generic\ifxetex\if
xetex.sty"
Package: ifxetex 2010/09/12 v0.6 Provides ifxetex conditional
)
\Gm@cnth=\count94
\Gm@cntv=\count95
\c@Gm@tempcnt=\count96
\Gm@bindingoffset=\dimen109
\Gm@wd@mp=\dimen110
\Gm@odd@mp=\dimen111
\Gm@even@mp=\dimen112
\Gm@layoutwidth=\dimen113
\Gm@layoutheight=\dimen114
\Gm@layouthoffset=\dimen115
\Gm@layoutvoffset=\dimen116
\Gm@dimlist=\toks17

("C:\Users\rickyhu.stu\AppData\Local\Programs\MiKTeX 2.9\tex\latex\geometry\geo
metry.cfg"))
("C:\Users\rickyhu.stu\AppData\Local\Programs\MiKTeX 2.9\tex\latex\base\fleqn.c
lo"
File: fleqn.clo 2016/12/29 v1.2a Standard LaTeX option (flush left equations)
\mathindent=\dimen117
Applying: [2015/01/01] Make \[ robust on input line 50.
LaTeX Info: Redefining \[ on input line 51.
Already applied: [0000/00/00] Make \[ robust on input line 62.
Applying: [2015/01/01] Make \] robust on input line 74.
LaTeX Info: Redefining \] on input line 75.
Already applied: [0000/00/00] Make \] robust on input line 83.
)
\appnamewidth=\dimen118
)
("C:\Users\rickyhu.stu\AppData\Local\Programs\MiKTeX 2.9\tex\latex\amsfonts\ams
symb.sty"
Package: amssymb 2013/01/14 v3.01 AMS font symbols

("C:\Users\rickyhu.stu\AppData\Local\Programs\MiKTeX 2.9\tex\latex\amsfonts\ams
fonts.sty"
Package: amsfonts 2013/01/14 v3.01 Basic AMSFonts support
\@emptytoks=\toks18
\symAMSa=\mathgroup4
\symAMSb=\mathgroup5
LaTeX Font Info:    Overwriting math alphabet `\mathfrak' in version `bold'
(Font)                  U/euf/m/n --> U/euf/b/n on input line 106.
))
("C:\Users\rickyhu.stu\AppData\Local\Programs\MiKTeX 2.9\tex\latex\lineno\linen
o.sty"
Package: lineno 2005/11/02 line numbers on paragraphs v4.41
\linenopenalty=\count97
\output=\toks19
\linenoprevgraf=\count98
\linenumbersep=\dimen119
\linenumberwidth=\dimen120
\c@linenumber=\count99
\c@pagewiselinenumber=\count100
\c@LN@truepage=\count101
\c@internallinenumber=\count102
\c@internallinenumbers=\count103
\quotelinenumbersep=\dimen121
\bframerule=\dimen122
\bframesep=\dimen123
\bframebox=\box30
LaTeX Info: Redefining \\ on input line 3056.
)
("C:\Users\rickyhu.stu\AppData\Local\Programs\MiKTeX 2.9\tex\latex\multirow\mul
tirow.sty"
Package: multirow 2016/11/25 v2.2 Span multiple rows of a table
\multirow@colwidth=\skip47
\multirow@cntb=\count104
\multirow@dima=\skip48
\bigstrutjot=\dimen124
) (UMB-elsarticle-template-harv.aux)
\openout1 = `UMB-elsarticle-template-harv.aux'.

LaTeX Font Info:    Checking defaults for OML/cmm/m/it on input line 59.
LaTeX Font Info:    ... okay on input line 59.
LaTeX Font Info:    Checking defaults for T1/cmr/m/n on input line 59.
LaTeX Font Info:    ... okay on input line 59.
LaTeX Font Info:    Checking defaults for OT1/cmr/m/n on input line 59.
LaTeX Font Info:    ... okay on input line 59.
LaTeX Font Info:    Checking defaults for OMS/cmsy/m/n on input line 59.
LaTeX Font Info:    ... okay on input line 59.
LaTeX Font Info:    Checking defaults for OMX/cmex/m/n on input line 59.
LaTeX Font Info:    ... okay on input line 59.
LaTeX Font Info:    Checking defaults for U/cmr/m/n on input line 59.
LaTeX Font Info:    ... okay on input line 59.

("C:\Users\rickyhu.stu\AppData\Local\Programs\MiKTeX 2.9\tex\context\base\supp-
pdf.mkii"
[Loading MPS to PDF converter (version 2006.09.02).]
\scratchcounter=\count105
\scratchdimen=\dimen125
\scratchbox=\box31
\nofMPsegments=\count106
\nofMParguments=\count107
\everyMPshowfont=\toks20
\MPscratchCnt=\count108
\MPscratchDim=\dimen126
\MPnumerator=\count109
\makeMPintoPDFobject=\count110
\everyMPtoPDFconversion=\toks21
)
("C:\Users\rickyhu.stu\AppData\Local\Programs\MiKTeX 2.9\tex\latex\oberdiek\eps
topdf-base.sty"
Package: epstopdf-base 2016/05/15 v2.6 Base part for package epstopdf

("C:\Users\rickyhu.stu\AppData\Local\Programs\MiKTeX 2.9\tex\generic\oberdiek\i
nfwarerr.sty"
Package: infwarerr 2016/05/16 v1.4 Providing info/warning/error messages (HO)
)
("C:\Users\rickyhu.stu\AppData\Local\Programs\MiKTeX 2.9\tex\latex\oberdiek\grf
ext.sty"
Package: grfext 2016/05/16 v1.2 Manage graphics extensions (HO)

("C:\Users\rickyhu.stu\AppData\Local\Programs\MiKTeX 2.9\tex\generic\oberdiek\k
vdefinekeys.sty"
Package: kvdefinekeys 2016/05/16 v1.4 Define keys (HO)

("C:\Users\rickyhu.stu\AppData\Local\Programs\MiKTeX 2.9\tex\generic\oberdiek\l
txcmds.sty"
Package: ltxcmds 2016/05/16 v1.23 LaTeX kernel commands for general use (HO)
)))
("C:\Users\rickyhu.stu\AppData\Local\Programs\MiKTeX 2.9\tex\latex\oberdiek\kvo
ptions.sty"
Package: kvoptions 2016/05/16 v3.12 Key value format for package options (HO)

("C:\Users\rickyhu.stu\AppData\Local\Programs\MiKTeX 2.9\tex\generic\oberdiek\k
vsetkeys.sty"
Package: kvsetkeys 2016/05/16 v1.17 Key value parser (HO)

("C:\Users\rickyhu.stu\AppData\Local\Programs\MiKTeX 2.9\tex\generic\oberdiek\e
texcmds.sty"
Package: etexcmds 2016/05/16 v1.6 Avoid name clashes with e-TeX commands (HO)

("C:\Users\rickyhu.stu\AppData\Local\Programs\MiKTeX 2.9\tex\generic\oberdiek\i
fluatex.sty"
Package: ifluatex 2016/05/16 v1.4 Provides the ifluatex switch (HO)
Package ifluatex Info: LuaTeX not detected.
)
Package etexcmds Info: Could not find \expanded.
(etexcmds)             That can mean that you are not using pdfTeX 1.50 or
(etexcmds)             that some package has redefined \expanded.
(etexcmds)             In the latter case, load this package earlier.
)))
("C:\Users\rickyhu.stu\AppData\Local\Programs\MiKTeX 2.9\tex\generic\oberdiek\p
dftexcmds.sty"
Package: pdftexcmds 2018/01/21 v0.26 Utility functions of pdfTeX for LuaTeX (HO
)
Package pdftexcmds Info: LuaTeX not detected.
Package pdftexcmds Info: \pdf@primitive is available.
Package pdftexcmds Info: \pdf@ifprimitive is available.
Package pdftexcmds Info: \pdfdraftmode found.
)
Package epstopdf-base Info: Redefining graphics rule for `.eps' on input line 4
38.
Package grfext Info: Graphics extension search list:
(grfext)             [.pdf,.png,.jpg,.mps,.jpeg,.jbig2,.jb2,.PDF,.PNG,.JPG,.JPE
G,.JBIG2,.JB2,.eps]
(grfext)             \AppendGraphicsExtensions on input line 456.
)
*geometry* driver: auto-detecting
*geometry* detected driver: pdftex
*geometry* verbose mode - [ preamble ] result:
* driver: pdftex
* paper: custom
* layout: <same size as paper>
* layoutoffset:(h,v)=(0.0pt,0.0pt)
* hratio: 1:1
* vratio: 1:1
* modes: 
* h-part:(L,W,R)=(37.75394pt, 522.0pt, 37.75394pt)
* v-part:(T,H,B)=(81.52342pt, 682.0pt, 81.52342pt)
* \paperwidth=597.50787pt
* \paperheight=845.04684pt
* \textwidth=522.0pt
* \textheight=682.0pt
* \oddsidemargin=-34.51605pt
* \evensidemargin=-34.51605pt
* \topmargin=-52.74657pt
* \headheight=50.0pt
* \headsep=12.0pt
* \topskip=10.0pt
* \footskip=18.0pt
* \marginparwidth=65.0pt
* \marginparsep=11.0pt
* \columnsep=18.0pt
* \skip\footins=24.0pt plus 2.0pt minus 12.0pt
* \hoffset=0.0pt
* \voffset=0.0pt
* \mag=1000
* \@twocolumntrue
* \@twosidefalse
* \@mparswitchfalse
* \@reversemarginfalse
* (1in=72.27pt=25.4mm, 1cm=28.453pt)

LaTeX Font Info:    Try loading font information for U+msa on input line 123.

("C:\Users\rickyhu.stu\AppData\Local\Programs\MiKTeX 2.9\tex\latex\amsfonts\ums
a.fd"
File: umsa.fd 2013/01/14 v3.01 AMS symbols A
)
LaTeX Font Info:    Try loading font information for U+msb on input line 123.

("C:\Users\rickyhu.stu\AppData\Local\Programs\MiKTeX 2.9\tex\latex\amsfonts\ums
b.fd"
File: umsb.fd 2013/01/14 v3.01 AMS symbols B
)
Underfull \hbox (badness 1867) in paragraph at lines 123--123
\OT1/cmr/m/n/8 POSTAL AD-DRESS; Email, TYPE COR-RE-SPOND-ING AU-
 []

[1{C:/Users/rickyhu.stu/AppData/Local/MiKTeX/2.9/pdftex/config/pdftex.map}


]
Overfull \hbox (9.44482pt too wide) in paragraph at lines 167--168
[]\OT1/cmr/m/n/10 One of the first mod-els for speckle is with a one-parameter
 []


Overfull \hbox (2.08377pt too wide) in paragraph at lines 167--168
\OT1/cmr/m/n/10 par-ing re-gions of sim-i-lar tis-sue as a shadow and non-shado
w
 []


Overfull \hbox (4.8801pt too wide) in paragraph at lines 167--168
\OT1/cmr/m/n/10 re-gion con-tain sig-nif-i-cantly dif-fer-ent speckle pat-terns
. Thus,
 []


Package natbib Warning: Empty `thebibliography' environment on input line 217.

[2]
Overfull \hbox (12.84076pt too wide) in paragraph at lines 248--249
[]\OT1/cmr/m/n/10 TYPE THE CAP-TION FOR TA-BLE ONE HERE. 
 []


Underfull \hbox (badness 10000) in paragraph at lines 248--249

 []


Overfull \hbox (35.22766pt too wide) in paragraph at lines 250--263
[][] 
 []


Underfull \hbox (badness 10000) in paragraph at lines 250--263

 []


Overfull \hbox (15.75742pt too wide) in paragraph at lines 265--266
[]\OT1/cmr/m/n/10 TYPE THE CAP-TION FOR TA-BLE TWO HERE. 
 []


Underfull \hbox (badness 10000) in paragraph at lines 267--277

 []

[3]
Overfull \hbox (17.2366pt too wide) in paragraph at lines 290--291
[]\OT1/cmr/m/n/10 TYPE THE CAP-TION FOR VIDEO ONE HERE. 
 []


Overfull \hbox (17.2366pt too wide) in paragraph at lines 292--293
[]\OT1/cmr/m/n/10 TYPE THE CAP-TION FOR VIDEO ONE HERE.
 []

[4

] (UMB-elsarticle-template-harv.aux) ) 
Here is how much of TeX's memory you used:
 3088 strings out of 493305
 44157 string characters out of 3127192
 114741 words of memory out of 3000000
 6582 multiletter control sequences out of 15000+200000
 12688 words of font info for 48 fonts, out of 3000000 for 9000
 1141 hyphenation exceptions out of 8191
 41i,8n,30p,1086b,213s stack positions out of 5000i,500n,10000p,200000b,50000s
<C:/Users/rickyhu.stu/AppData/Local/Progr
ams/MiKTeX 2.9/fonts/type1/public/amsfonts/cm/cmbx10.pfb><C:/Users/rickyhu.stu/
AppData/Local/Programs/MiKTeX 2.9/fonts/type1/public/amsfonts/cm/cmbxti10.pfb><
C:/Users/rickyhu.stu/AppData/Local/Programs/MiKTeX 2.9/fonts/type1/public/amsfo
nts/cm/cmmi10.pfb><C:/Users/rickyhu.stu/AppData/Local/Programs/MiKTeX 2.9/fonts
/type1/public/amsfonts/cm/cmmi7.pfb><C:/Users/rickyhu.stu/AppData/Local/Program
s/MiKTeX 2.9/fonts/type1/public/amsfonts/cm/cmr10.pfb><C:/Users/rickyhu.stu/App
Data/Local/Programs/MiKTeX 2.9/fonts/type1/public/amsfonts/cm/cmr12.pfb><C:/Use
rs/rickyhu.stu/AppData/Local/Programs/MiKTeX 2.9/fonts/type1/public/amsfonts/cm
/cmr7.pfb><C:/Users/rickyhu.stu/AppData/Local/Programs/MiKTeX 2.9/fonts/type1/p
ublic/amsfonts/cm/cmr8.pfb><C:/Users/rickyhu.stu/AppData/Local/Programs/MiKTeX 
2.9/fonts/type1/public/amsfonts/cm/cmss8.pfb><C:/Users/rickyhu.stu/AppData/Loca
l/Programs/MiKTeX 2.9/fonts/type1/public/amsfonts/cm/cmsy10.pfb><C:/Users/ricky
hu.stu/AppData/Local/Programs/MiKTeX 2.9/fonts/type1/public/amsfonts/cm/cmsy6.p
fb><C:/Users/rickyhu.stu/AppData/Local/Programs/MiKTeX 2.9/fonts/type1/public/a
msfonts/cm/cmsy7.pfb><C:/Users/rickyhu.stu/AppData/Local/Programs/MiKTeX 2.9/fo
nts/type1/public/amsfonts/cm/cmti10.pfb><C:/Users/rickyhu.stu/AppData/Local/Pro
grams/MiKTeX 2.9/fonts/type1/public/amsfonts/cm/cmti7.pfb><C:/Users/rickyhu.stu
/AppData/Local/Programs/MiKTeX 2.9/fonts/type1/public/amsfonts/cm/cmti8.pfb>
Output written on UMB-elsarticle-template-harv.pdf (4 pages, 182113 bytes).
PDF statistics:
 75 PDF objects out of 1000 (max. 8388607)
 0 named destinations out of 1000 (max. 500000)
 1 words of extra memory for PDF output out of 10000 (max. 10000000)

